{"name":"testActivePersonalLoanCard","status":"broken","statusDetails":{"known":false,"muted":false,"flaky":false,"message":"java.lang.IllegalArgumentException: Unable to compile '21,760.00'. See Cause.\nFor documentation on this error, please visit: https://www.seleniumhq.org/exceptions/invalid_selector_exception.html\nBuild info: version: '3.141.59', revision: 'e82be7d358', time: '2018-11-14T08:17:03'\nSystem info: host: 'TTB-C02G7DPEQ05D', ip: 'fe80:0:0:0:4a9:e5f9:f80:1a1b%en0', os.name: 'Mac OS X', os.arch: 'x86_64', os.version: '10.16', java.version: '1.8.0_311'\nDriver info: io.appium.java_client.android.AndroidDriver\nCapabilities {Record: true, app: /Users/55109/Documents/git/..., appActivity: com.ttbbank.oneapp.presenta..., appPackage: com.ttbbank.oneapp.vit, chromedriverExecutable: /Users/55109/Documents/git/..., citizenId: 1109900152023, databaseEnabled: false, desired: {Record: true, app: /Users/55109/Documents/git/..., appActivity: com.ttbbank.oneapp.presenta..., appPackage: com.ttbbank.oneapp.vit, chromedriverExecutable: /Users/55109/Documents/git/..., citizenId: 1109900152023, deviceName: Pixel_3_API_29, env: vit, name: Untitle, noReset: true, platformName: android, platformVersion: 10, udid: emulator-5554}, deviceApiLevel: 29, deviceManufacturer: Google, deviceModel: Android SDK built for arm64, deviceName: emulator-5554, deviceScreenDensity: 440, deviceScreenSize: 1080x2160, deviceUDID: emulator-5554, env: vit, javascriptEnabled: true, locationContextEnabled: false, name: Untitle, networkConnectionEnabled: true, noReset: true, pixelRatio: 2.75, platform: LINUX, platformName: android, platformVersion: 10, statBarHeight: 66, takesScreenshot: true, udid: emulator-5554, viewportRect: {height: 1962, left: 0, top: 66, width: 1080}, warnings: {}, webStorageEnabled: false}\nSession ID: d831bc52-815b-4deb-8cc4-d81760cfb5f6\n*** Element info: {Using=xpath, value=21,760.00}","trace":"org.openqa.selenium.InvalidSelectorException: java.lang.IllegalArgumentException: Unable to compile '21,760.00'. See Cause.\nFor documentation on this error, please visit: https://www.seleniumhq.org/exceptions/invalid_selector_exception.html\nBuild info: version: '3.141.59', revision: 'e82be7d358', time: '2018-11-14T08:17:03'\nSystem info: host: 'TTB-C02G7DPEQ05D', ip: 'fe80:0:0:0:4a9:e5f9:f80:1a1b%en0', os.name: 'Mac OS X', os.arch: 'x86_64', os.version: '10.16', java.version: '1.8.0_311'\nDriver info: io.appium.java_client.android.AndroidDriver\nCapabilities {Record: true, app: /Users/55109/Documents/git/..., appActivity: com.ttbbank.oneapp.presenta..., appPackage: com.ttbbank.oneapp.vit, chromedriverExecutable: /Users/55109/Documents/git/..., citizenId: 1109900152023, databaseEnabled: false, desired: {Record: true, app: /Users/55109/Documents/git/..., appActivity: com.ttbbank.oneapp.presenta..., appPackage: com.ttbbank.oneapp.vit, chromedriverExecutable: /Users/55109/Documents/git/..., citizenId: 1109900152023, deviceName: Pixel_3_API_29, env: vit, name: Untitle, noReset: true, platformName: android, platformVersion: 10, udid: emulator-5554}, deviceApiLevel: 29, deviceManufacturer: Google, deviceModel: Android SDK built for arm64, deviceName: emulator-5554, deviceScreenDensity: 440, deviceScreenSize: 1080x2160, deviceUDID: emulator-5554, env: vit, javascriptEnabled: true, locationContextEnabled: false, name: Untitle, networkConnectionEnabled: true, noReset: true, pixelRatio: 2.75, platform: LINUX, platformName: android, platformVersion: 10, statBarHeight: 66, takesScreenshot: true, udid: emulator-5554, viewportRect: {height: 1962, left: 0, top: 66, width: 1080}, warnings: {}, webStorageEnabled: false}\nSession ID: d831bc52-815b-4deb-8cc4-d81760cfb5f6\n*** Element info: {Using=xpath, value=21,760.00}\n\tat sun.reflect.NativeConstructorAccessorImpl.newInstance0(Native Method)\n\tat sun.reflect.NativeConstructorAccessorImpl.newInstance(NativeConstructorAccessorImpl.java:62)\n\tat sun.reflect.DelegatingConstructorAccessorImpl.newInstance(DelegatingConstructorAccessorImpl.java:45)\n\tat java.lang.reflect.Constructor.newInstance(Constructor.java:423)\n\tat org.openqa.selenium.remote.http.W3CHttpResponseCodec.createException(W3CHttpResponseCodec.java:187)\n\tat org.openqa.selenium.remote.http.W3CHttpResponseCodec.decode(W3CHttpResponseCodec.java:122)\n\tat org.openqa.selenium.remote.http.W3CHttpResponseCodec.decode(W3CHttpResponseCodec.java:49)\n\tat org.openqa.selenium.remote.HttpCommandExecutor.execute(HttpCommandExecutor.java:158)\n\tat io.appium.java_client.remote.AppiumCommandExecutor.execute(AppiumCommandExecutor.java:247)\n\tat org.openqa.selenium.remote.RemoteWebDriver.execute(RemoteWebDriver.java:552)\n\tat io.appium.java_client.DefaultGenericMobileDriver.execute(DefaultGenericMobileDriver.java:41)\n\tat io.appium.java_client.AppiumDriver.execute(AppiumDriver.java:1)\n\tat io.appium.java_client.android.AndroidDriver.execute(AndroidDriver.java:1)\n\tat org.openqa.selenium.remote.RemoteWebDriver.findElements(RemoteWebDriver.java:353)\n\tat io.appium.java_client.DefaultGenericMobileDriver.findElements(DefaultGenericMobileDriver.java:53)\n\tat io.appium.java_client.AppiumDriver.findElements(AppiumDriver.java:179)\n\tat org.openqa.selenium.remote.RemoteWebDriver.findElementsByXPath(RemoteWebDriver.java:432)\n\tat io.appium.java_client.DefaultGenericMobileDriver.findElementsByXPath(DefaultGenericMobileDriver.java:155)\n\tat io.appium.java_client.AppiumDriver.findElementsByXPath(AppiumDriver.java:212)\n\tat org.openqa.selenium.By$ByXPath.findElements(By.java:348)\n\tat org.openqa.selenium.remote.RemoteWebDriver.findElements(RemoteWebDriver.java:311)\n\tat io.appium.java_client.DefaultGenericMobileDriver.findElements(DefaultGenericMobileDriver.java:49)\n\tat io.appium.java_client.AppiumDriver.findElements(AppiumDriver.java:174)\n\tat com.ttbbank.oneapp.framework.TtbTestContext.viewElementByXPATH(TtbTestContext.java:73)\n\tat com.ttbbank.oneapp.scenario.platform1.AccountSummaryLoanScenario.testAmountFormat(AccountSummaryLoanScenario.java:158)\n\tat com.ttbbank.oneapp.scenario.platform1.AccountSummaryLoanScenario.checkLoan(AccountSummaryLoanScenario.java:80)\n\tat com.ttbbank.oneapp.scenario.platform1.AccountSummaryLoanScenario.testActivePersonalLoanCard(AccountSummaryLoanScenario.java:60)\n\tat sun.reflect.NativeMethodAccessorImpl.invoke0(Native Method)\n\tat sun.reflect.NativeMethodAccessorImpl.invoke(NativeMethodAccessorImpl.java:62)\n\tat sun.reflect.DelegatingMethodAccessorImpl.invoke(DelegatingMethodAccessorImpl.java:43)\n\tat java.lang.reflect.Method.invoke(Method.java:498)\n\tat org.testng.internal.MethodInvocationHelper.invokeMethod(MethodInvocationHelper.java:132)\n\tat org.testng.internal.TestInvoker.invokeMethod(TestInvoker.java:599)\n\tat org.testng.internal.TestInvoker.invokeTestMethod(TestInvoker.java:174)\n\tat org.testng.internal.MethodRunner.runInSequence(MethodRunner.java:46)\n\tat org.testng.internal.TestInvoker$MethodInvocationAgent.invoke(TestInvoker.java:822)\n\tat org.testng.internal.TestInvoker.invokeTestMethods(TestInvoker.java:147)\n\tat org.testng.internal.TestMethodWorker.invokeTestMethods(TestMethodWorker.java:146)\n\tat org.testng.internal.TestMethodWorker.run(TestMethodWorker.java:128)\n\tat java.util.ArrayList.forEach(ArrayList.java:1259)\n\tat org.testng.TestRunner.privateRun(TestRunner.java:764)\n\tat org.testng.TestRunner.run(TestRunner.java:585)\n\tat org.testng.SuiteRunner.runTest(SuiteRunner.java:384)\n\tat org.testng.SuiteRunner.access$000(SuiteRunner.java:28)\n\tat org.testng.SuiteRunner$SuiteWorker.run(SuiteRunner.java:425)\n\tat org.testng.internal.thread.ThreadUtil.lambda$execute$0(ThreadUtil.java:66)\n\tat java.util.concurrent.FutureTask.run(FutureTask.java:266)\n\tat java.util.concurrent.ThreadPoolExecutor.runWorker(ThreadPoolExecutor.java:1149)\n\tat java.util.concurrent.ThreadPoolExecutor$Worker.run(ThreadPoolExecutor.java:624)\n\tat java.lang.Thread.run(Thread.java:748)\n"},"stage":"finished","steps":[],"attachments":[],"parameters":[{"name":"DeviceProfile","value":"platform1-android"}],"start":1643279752360,"stop":1643279758205,"uuid":"4cce7e48-8b4d-40d2-bc16-d36e96e9c31e","historyId":"60b7cf4ab4dc7545b41284b9f8c4aa36","fullName":"com.ttbbank.oneapp.scenario.platform1.AccountSummaryLoanScenario.testActivePersonalLoanCard","labels":[{"name":"package","value":"com.ttbbank.oneapp.runner.platform1.AccountSummaryLoanRunner"},{"name":"testClass","value":"com.ttbbank.oneapp.runner.platform1.AccountSummaryLoanRunner"},{"name":"testMethod","value":"testActivePersonalLoanCard"},{"name":"parentSuite","value":"Automation-Testing"},{"name":"suite","value":"Android/iOS Account Summary Loan"},{"name":"subSuite","value":"com.ttbbank.oneapp.runner.platform1.AccountSummaryLoanRunner"},{"name":"host","value":"TTB-C02G7DPEQ05D"},{"name":"thread","value":"21851@TTB-C02G7DPEQ05D.TestNG-tests-1(15)"},{"name":"framework","value":"testng"},{"name":"language","value":"java"}],"links":[]}