{"name":"testFlashCardWithTemporaryBlockStatus","status":"broken","statusDetails":{"known":false,"muted":false,"flaky":false,"message":"Expected condition failed: waiting for com.ttbbank.oneapp.framework.TtbTestContext$$Lambda$363/547127001@2c624d85 (tried for 100 second(s) with 100 milliseconds interval)","trace":"org.openqa.selenium.TimeoutException: Expected condition failed: waiting for com.ttbbank.oneapp.framework.TtbTestContext$$Lambda$363/547127001@2c624d85 (tried for 100 second(s) with 100 milliseconds interval)\n\tat org.openqa.selenium.support.ui.WebDriverWait.timeoutException(WebDriverWait.java:95)\n\tat org.openqa.selenium.support.ui.FluentWait.until(FluentWait.java:272)\n\tat com.ttbbank.oneapp.framework.TtbTestContext.waitUntilVisible(TtbTestContext.java:97)\n\tat com.ttbbank.oneapp.framework.TtbTestContext.findElementByXPATH(TtbTestContext.java:69)\n\tat com.ttbbank.oneapp.scenario.platform1.AccountSummaryCardScenario.testFlashCardWithTemporaryBlockStatus(AccountSummaryCardScenario.java:61)\n\tat sun.reflect.NativeMethodAccessorImpl.invoke0(Native Method)\n\tat sun.reflect.NativeMethodAccessorImpl.invoke(NativeMethodAccessorImpl.java:62)\n\tat sun.reflect.DelegatingMethodAccessorImpl.invoke(DelegatingMethodAccessorImpl.java:43)\n\tat java.lang.reflect.Method.invoke(Method.java:498)\n\tat org.testng.internal.MethodInvocationHelper.invokeMethod(MethodInvocationHelper.java:132)\n\tat org.testng.internal.TestInvoker.invokeMethod(TestInvoker.java:599)\n\tat org.testng.internal.TestInvoker.invokeTestMethod(TestInvoker.java:174)\n\tat org.testng.internal.MethodRunner.runInSequence(MethodRunner.java:46)\n\tat org.testng.internal.TestInvoker$MethodInvocationAgent.invoke(TestInvoker.java:822)\n\tat org.testng.internal.TestInvoker.invokeTestMethods(TestInvoker.java:147)\n\tat org.testng.internal.TestMethodWorker.invokeTestMethods(TestMethodWorker.java:146)\n\tat org.testng.internal.TestMethodWorker.run(TestMethodWorker.java:128)\n\tat java.util.ArrayList.forEach(ArrayList.java:1259)\n\tat org.testng.TestRunner.privateRun(TestRunner.java:764)\n\tat org.testng.TestRunner.run(TestRunner.java:585)\n\tat org.testng.SuiteRunner.runTest(SuiteRunner.java:384)\n\tat org.testng.SuiteRunner.access$000(SuiteRunner.java:28)\n\tat org.testng.SuiteRunner$SuiteWorker.run(SuiteRunner.java:425)\n\tat org.testng.internal.thread.ThreadUtil.lambda$execute$0(ThreadUtil.java:66)\n\tat java.util.concurrent.FutureTask.run(FutureTask.java:266)\n\tat java.util.concurrent.ThreadPoolExecutor.runWorker(ThreadPoolExecutor.java:1149)\n\tat java.util.concurrent.ThreadPoolExecutor$Worker.run(ThreadPoolExecutor.java:624)\n\tat java.lang.Thread.run(Thread.java:748)\nCaused by: org.openqa.selenium.NoSuchElementException: An element could not be located on the page using the given search parameters.\nFor documentation on this error, please visit: https://www.seleniumhq.org/exceptions/no_such_element.html\nBuild info: version: '3.141.59', revision: 'e82be7d358', time: '2018-11-14T08:17:03'\nSystem info: host: 'TTB-C02G7DPEQ05D', ip: 'fe80:0:0:0:14b3:a44f:ddd8:40fd%en0', os.name: 'Mac OS X', os.arch: 'x86_64', os.version: '10.16', java.version: '1.8.0_311'\nDriver info: io.appium.java_client.ios.IOSDriver\nCapabilities {Record: false, app: /Users/55109/Library/Develo..., automationName: XCUITest, browserName: , chromedriverExecutable: /Users/55109/Documents/git/..., citizenId: 3617344364203, databaseEnabled: false, deviceName: iPhone 11, env: vit, javascriptEnabled: true, locationContextEnabled: false, name: Untitle, networkConnectionEnabled: false, noReset: true, platform: MAC, platformName: ios, platformVersion: 15.2, takesScreenshot: true, udid: 19009BFB-EA1F-49B0-B91E-5E5..., webStorageEnabled: false}\nSession ID: b05ab0fd-20e8-4597-934f-4d51f7305be7\n*** Element info: {Using=xpath, value=ACCOUNT_SUMMARY_CARD_STATUS_TEM_BLOCK}\n\tat sun.reflect.GeneratedConstructorAccessor16.newInstance(Unknown Source)\n\tat sun.reflect.DelegatingConstructorAccessorImpl.newInstance(DelegatingConstructorAccessorImpl.java:45)\n\tat java.lang.reflect.Constructor.newInstance(Constructor.java:423)\n\tat org.openqa.selenium.remote.http.W3CHttpResponseCodec.createException(W3CHttpResponseCodec.java:187)\n\tat org.openqa.selenium.remote.http.W3CHttpResponseCodec.decode(W3CHttpResponseCodec.java:122)\n\tat org.openqa.selenium.remote.http.W3CHttpResponseCodec.decode(W3CHttpResponseCodec.java:49)\n\tat org.openqa.selenium.remote.HttpCommandExecutor.execute(HttpCommandExecutor.java:158)\n\tat io.appium.java_client.remote.AppiumCommandExecutor.execute(AppiumCommandExecutor.java:247)\n\tat org.openqa.selenium.remote.RemoteWebDriver.execute(RemoteWebDriver.java:552)\n\tat io.appium.java_client.DefaultGenericMobileDriver.execute(DefaultGenericMobileDriver.java:41)\n\tat io.appium.java_client.AppiumDriver.execute(AppiumDriver.java:1)\n\tat io.appium.java_client.ios.IOSDriver.execute(IOSDriver.java:1)\n\tat org.openqa.selenium.remote.RemoteWebDriver.findElement(RemoteWebDriver.java:323)\n\tat io.appium.java_client.DefaultGenericMobileDriver.findElement(DefaultGenericMobileDriver.java:61)\n\tat io.appium.java_client.AppiumDriver.findElement(AppiumDriver.java:1)\n\tat io.appium.java_client.ios.IOSDriver.findElement(IOSDriver.java:1)\n\tat org.openqa.selenium.remote.RemoteWebDriver.findElementByXPath(RemoteWebDriver.java:428)\n\tat io.appium.java_client.DefaultGenericMobileDriver.findElementByXPath(DefaultGenericMobileDriver.java:151)\n\tat io.appium.java_client.AppiumDriver.findElementByXPath(AppiumDriver.java:1)\n\tat io.appium.java_client.ios.IOSDriver.findElementByXPath(IOSDriver.java:1)\n\tat org.openqa.selenium.By$ByXPath.findElement(By.java:353)\n\tat org.openqa.selenium.remote.RemoteWebDriver.findElement(RemoteWebDriver.java:315)\n\tat io.appium.java_client.DefaultGenericMobileDriver.findElement(DefaultGenericMobileDriver.java:57)\n\tat io.appium.java_client.AppiumDriver.findElement(AppiumDriver.java:1)\n\tat io.appium.java_client.ios.IOSDriver.findElement(IOSDriver.java:1)\n\tat com.ttbbank.oneapp.framework.TtbTestContext.lambda$0(TtbTestContext.java:94)\n\tat org.openqa.selenium.support.ui.FluentWait.until(FluentWait.java:249)\n\t... 26 more\n"},"stage":"finished","steps":[],"attachments":[],"parameters":[{"name":"DeviceProfile","value":"platform1-ios-oneapp-sim-iphone12-pro-max"}],"start":1641968620792,"stop":1641968727014,"uuid":"721c9004-30db-45ca-ab18-17eadf12b668","historyId":"6f21dfecf584c70feec9b23ce6fb877f","fullName":"com.ttbbank.oneapp.scenario.platform1.AccountSummaryCardScenario.testFlashCardWithTemporaryBlockStatus","labels":[{"name":"package","value":"com.ttbbank.oneapp.runner.platform1.AccountSummaryCardRunner"},{"name":"testClass","value":"com.ttbbank.oneapp.runner.platform1.AccountSummaryCardRunner"},{"name":"testMethod","value":"testFlashCardWithTemporaryBlockStatus"},{"name":"parentSuite","value":"Automation-Testing"},{"name":"suite","value":"Android/iOS Account Summary Card"},{"name":"subSuite","value":"com.ttbbank.oneapp.runner.platform1.AccountSummaryCardRunner"},{"name":"host","value":"TTB-C02G7DPEQ05D"},{"name":"thread","value":"20861@TTB-C02G7DPEQ05D.TestNG-tests-1(14)"},{"name":"framework","value":"testng"},{"name":"language","value":"java"}],"links":[]}