{"name":"testQuickBalanceOffActivateAndClickActivateToQuickBalanceScreen","status":"broken","statusDetails":{"known":false,"muted":false,"flaky":false,"message":"Expected condition failed: waiting for com.ttbbank.oneapp.framework.TtbTestContext$$Lambda$554/1308811342@12d2c9db (tried for 60 second(s) with 100 milliseconds interval)","trace":"org.openqa.selenium.TimeoutException: Expected condition failed: waiting for com.ttbbank.oneapp.framework.TtbTestContext$$Lambda$554/1308811342@12d2c9db (tried for 60 second(s) with 100 milliseconds interval)\n\tat org.openqa.selenium.support.ui.WebDriverWait.timeoutException(WebDriverWait.java:95)\n\tat org.openqa.selenium.support.ui.FluentWait.until(FluentWait.java:272)\n\tat com.ttbbank.oneapp.framework.TtbTestContext.waitUntilVisible(TtbTestContext.java:96)\n\tat com.ttbbank.oneapp.framework.TtbTestContext.findElement(TtbTestContext.java:54)\n\tat com.ttbbank.oneapp.scenario.platform1.HomeQuickBalanceCustomerScenario.setDefaultQuickBalance(HomeQuickBalanceCustomerScenario.java:565)\n\tat com.ttbbank.oneapp.scenario.platform1.HomeQuickBalanceCustomerScenario.testQuickBalanceOffActivateAndClickActivateToQuickBalanceScreen(HomeQuickBalanceCustomerScenario.java:231)\n\tat sun.reflect.NativeMethodAccessorImpl.invoke0(Native Method)\n\tat sun.reflect.NativeMethodAccessorImpl.invoke(NativeMethodAccessorImpl.java:62)\n\tat sun.reflect.DelegatingMethodAccessorImpl.invoke(DelegatingMethodAccessorImpl.java:43)\n\tat java.lang.reflect.Method.invoke(Method.java:498)\n\tat org.testng.internal.MethodInvocationHelper.invokeMethod(MethodInvocationHelper.java:132)\n\tat org.testng.internal.TestInvoker.invokeMethod(TestInvoker.java:599)\n\tat org.testng.internal.TestInvoker.invokeTestMethod(TestInvoker.java:174)\n\tat org.testng.internal.MethodRunner.runInSequence(MethodRunner.java:46)\n\tat org.testng.internal.TestInvoker$MethodInvocationAgent.invoke(TestInvoker.java:822)\n\tat org.testng.internal.TestInvoker.invokeTestMethods(TestInvoker.java:147)\n\tat org.testng.internal.TestMethodWorker.invokeTestMethods(TestMethodWorker.java:146)\n\tat org.testng.internal.TestMethodWorker.run(TestMethodWorker.java:128)\n\tat java.util.ArrayList.forEach(ArrayList.java:1259)\n\tat org.testng.TestRunner.privateRun(TestRunner.java:764)\n\tat org.testng.TestRunner.run(TestRunner.java:585)\n\tat org.testng.SuiteRunner.runTest(SuiteRunner.java:384)\n\tat org.testng.SuiteRunner.access$000(SuiteRunner.java:28)\n\tat org.testng.SuiteRunner$SuiteWorker.run(SuiteRunner.java:425)\n\tat org.testng.internal.thread.ThreadUtil.lambda$execute$0(ThreadUtil.java:66)\n\tat java.util.concurrent.FutureTask.run(FutureTask.java:266)\n\tat java.util.concurrent.ThreadPoolExecutor.runWorker(ThreadPoolExecutor.java:1149)\n\tat java.util.concurrent.ThreadPoolExecutor$Worker.run(ThreadPoolExecutor.java:624)\n\tat java.lang.Thread.run(Thread.java:748)\nCaused by: org.openqa.selenium.NoSuchElementException: An element could not be located on the page using the given search parameters.\nFor documentation on this error, please visit: https://www.seleniumhq.org/exceptions/no_such_element.html\nBuild info: version: '3.141.59', revision: 'e82be7d358', time: '2018-11-14T08:17:03'\nSystem info: host: 'TTB-C02G7DPEQ05D', ip: 'fe80:0:0:0:1433:9fc0:ac12:a156%en0', os.name: 'Mac OS X', os.arch: 'x86_64', os.version: '10.16', java.version: '1.8.0_311'\nDriver info: io.appium.java_client.ios.IOSDriver\nCapabilities {Record: false, app: /Users/55109/Library/Develo..., automationName: XCUITest, browserName: , chromedriverExecutable: /Users/55109/Documents/git/..., citizenId: 4016655325041, databaseEnabled: false, deviceName: iPhone 13, env: vit, javascriptEnabled: true, locationContextEnabled: false, name: Untitle, networkConnectionEnabled: false, noReset: true, platform: MAC, platformName: ios, platformVersion: 15.2, takesScreenshot: true, udid: 7F2333DF-BE6F-4C9C-B25A-932..., webStorageEnabled: false}\nSession ID: b8a5f290-d364-4cf9-ae45-f8648e1e00ff\n*** Element info: {Using=xpath, value=//XCUIElementTypeButton[@name=\"Home\"]}\n\tat sun.reflect.GeneratedConstructorAccessor21.newInstance(Unknown Source)\n\tat sun.reflect.DelegatingConstructorAccessorImpl.newInstance(DelegatingConstructorAccessorImpl.java:45)\n\tat java.lang.reflect.Constructor.newInstance(Constructor.java:423)\n\tat org.openqa.selenium.remote.http.W3CHttpResponseCodec.createException(W3CHttpResponseCodec.java:187)\n\tat org.openqa.selenium.remote.http.W3CHttpResponseCodec.decode(W3CHttpResponseCodec.java:122)\n\tat org.openqa.selenium.remote.http.W3CHttpResponseCodec.decode(W3CHttpResponseCodec.java:49)\n\tat org.openqa.selenium.remote.HttpCommandExecutor.execute(HttpCommandExecutor.java:158)\n\tat io.appium.java_client.remote.AppiumCommandExecutor.execute(AppiumCommandExecutor.java:247)\n\tat org.openqa.selenium.remote.RemoteWebDriver.execute(RemoteWebDriver.java:552)\n\tat io.appium.java_client.DefaultGenericMobileDriver.execute(DefaultGenericMobileDriver.java:41)\n\tat io.appium.java_client.AppiumDriver.execute(AppiumDriver.java:1)\n\tat io.appium.java_client.ios.IOSDriver.execute(IOSDriver.java:1)\n\tat org.openqa.selenium.remote.RemoteWebDriver.findElement(RemoteWebDriver.java:323)\n\tat io.appium.java_client.DefaultGenericMobileDriver.findElement(DefaultGenericMobileDriver.java:61)\n\tat io.appium.java_client.AppiumDriver.findElement(AppiumDriver.java:1)\n\tat io.appium.java_client.ios.IOSDriver.findElement(IOSDriver.java:1)\n\tat org.openqa.selenium.remote.RemoteWebDriver.findElementByXPath(RemoteWebDriver.java:428)\n\tat io.appium.java_client.DefaultGenericMobileDriver.findElementByXPath(DefaultGenericMobileDriver.java:151)\n\tat io.appium.java_client.AppiumDriver.findElementByXPath(AppiumDriver.java:1)\n\tat io.appium.java_client.ios.IOSDriver.findElementByXPath(IOSDriver.java:1)\n\tat org.openqa.selenium.By$ByXPath.findElement(By.java:353)\n\tat org.openqa.selenium.remote.RemoteWebDriver.findElement(RemoteWebDriver.java:315)\n\tat io.appium.java_client.DefaultGenericMobileDriver.findElement(DefaultGenericMobileDriver.java:57)\n\tat io.appium.java_client.AppiumDriver.findElement(AppiumDriver.java:1)\n\tat io.appium.java_client.ios.IOSDriver.findElement(IOSDriver.java:1)\n\tat com.ttbbank.oneapp.framework.TtbTestContext.lambda$0(TtbTestContext.java:93)\n\tat org.openqa.selenium.support.ui.FluentWait.until(FluentWait.java:249)\n\t... 27 more\n"},"stage":"finished","steps":[],"attachments":[],"parameters":[{"name":"DeviceProfile","value":"platform1-ios-oneapp-sim-iphone12-pro-max"}],"start":1643012433632,"stop":1643012541372,"uuid":"f394b11e-267b-47ee-a2a8-bf7f9f923a28","historyId":"b24a460d0958e71ea65af2b8a14eb58","fullName":"com.ttbbank.oneapp.scenario.platform1.HomeQuickBalanceCustomerScenario.testQuickBalanceOffActivateAndClickActivateToQuickBalanceScreen","labels":[{"name":"package","value":"com.ttbbank.oneapp.runner.platform1.HomeQuickBalanceCustomerRunner"},{"name":"testClass","value":"com.ttbbank.oneapp.runner.platform1.HomeQuickBalanceCustomerRunner"},{"name":"testMethod","value":"testQuickBalanceOffActivateAndClickActivateToQuickBalanceScreen"},{"name":"parentSuite","value":"Automation-Testing"},{"name":"suite","value":"Android/iOS Change Access Pin"},{"name":"subSuite","value":"com.ttbbank.oneapp.runner.platform1.HomeQuickBalanceCustomerRunner"},{"name":"host","value":"TTB-C02G7DPEQ05D"},{"name":"thread","value":"51038@TTB-C02G7DPEQ05D.TestNG-tests-2(15)"},{"name":"framework","value":"testng"},{"name":"language","value":"java"}],"links":[]}